<?xml version="1.0" encoding="UTF-8"?>
<!-- Generated by org.testng.reporters.JUnitReportReporter -->
<testsuite hostname="DESKTOP-J0074GO" failures="0" tests="4" name="lumaFramework.testCases.createanaccount" time="54.614" errors="0" timestamp="2023-05-23T12:23:45 IST" skipped="0">
  <testcase classname="lumaFramework.testCases.createanaccount" name="CreateanAccountWithOnlyMandatoryFields" time="12.985"/>
  <system-out/>
  <testcase classname="lumaFramework.testCases.createanaccount" name="CreateanAccountWithAllMandatoryFields" time="15.102"/>
  <system-out/>
  <testcase classname="lumaFramework.testCases.createanaccount" name="CreateanAccountWithWithoutEnteringDetailsIntoTheFields" time="16.853"/>
  <system-out/>
  <testcase classname="lumaFramework.testCases.createanaccount" name="CreateanAccountWithExistingEmail" time="9.674"/>
  <system-out/>
</testsuite> <!-- lumaFramework.testCases.createanaccount -->
