<?xml version="1.0" encoding="UTF-8"?>
<!-- Generated by org.testng.reporters.JUnitReportReporter -->
<testsuite hostname="DESKTOP-J0074GO" failures="0" tests="5" name="lumaFramework.testCases.signin" time="65.428" errors="0" timestamp="2023-05-23T12:23:45 IST" skipped="0">
  <testcase classname="lumaFramework.testCases.signin" name="SigninWithValidCredentials" time="11.295"/>
  <system-out/>
  <testcase classname="lumaFramework.testCases.signin" name="SigninWithInValidCredentials" time="14.400"/>
  <system-out/>
  <testcase classname="lumaFramework.testCases.signin" name="SigninWithValidEmailAndInValidPassword" time="15.819"/>
  <system-out/>
  <testcase classname="lumaFramework.testCases.signin" name="SigninWithInValidEmailAndValidPassword" time="8.955"/>
  <system-out/>
  <testcase classname="lumaFramework.testCases.signin" name="SigninWithoutCredentials" time="14.959"/>
  <system-out/>
</testsuite> <!-- lumaFramework.testCases.signin -->
