<?xml version="1.0" encoding="UTF-8"?>
<!-- Generated by org.testng.reporters.JUnitReportReporter -->
<testsuite hostname="DESKTOP-J0074GO" failures="0" tests="2" name="lumaFramework.testCases.signinout" time="37.323" errors="0" timestamp="2023-05-23T12:23:45 IST" skipped="0">
  <testcase classname="lumaFramework.testCases.signinout" name="SignoutFromAccountClickSignoutOption" time="19.199"/>
  <system-out/>
  <testcase classname="lumaFramework.testCases.signinout" name="SignoutAccountWithoutClickSignoutOptionWithCloseBrowser" time="18.124"/>
  <system-out/>
</testsuite> <!-- lumaFramework.testCases.signinout -->
